-------------------------------------------------------------------------------
Test set: test.SetDeTenisTest
-------------------------------------------------------------------------------
Tests run: 13, Failures: 2, Errors: 0, Skipped: 0, Time elapsed: 0.014 sec <<< FAILURE!
test.SetDeTenisTest.testGanoA2()  Time elapsed: 0.012 sec  <<< FAILURE!
org.opentest4j.AssertionFailedError: expected: <Gan칩 A> but was: <Inv치lido>
	at org.junit.jupiter.api.AssertionUtils.fail(AssertionUtils.java:55)
	at org.junit.jupiter.api.AssertionUtils.failNotEqual(AssertionUtils.java:62)
	at org.junit.jupiter.api.AssertEquals.assertEquals(AssertEquals.java:182)
	at org.junit.jupiter.api.AssertEquals.assertEquals(AssertEquals.java:177)
	at org.junit.jupiter.api.Assertions.assertEquals(Assertions.java:1124)
	at test.SetDeTenisTest.testGanoA2(SetDeTenisTest.java:48)

test.SetDeTenisTest.testGanoB2()  Time elapsed: 0 sec  <<< FAILURE!
org.opentest4j.AssertionFailedError: expected: <Gan칩 B> but was: <Inv치lido>
	at org.junit.jupiter.api.AssertionUtils.fail(AssertionUtils.java:55)
	at org.junit.jupiter.api.AssertionUtils.failNotEqual(AssertionUtils.java:62)
	at org.junit.jupiter.api.AssertEquals.assertEquals(AssertEquals.java:182)
	at org.junit.jupiter.api.AssertEquals.assertEquals(AssertEquals.java:177)
	at org.junit.jupiter.api.Assertions.assertEquals(Assertions.java:1124)
	at test.SetDeTenisTest.testGanoB2(SetDeTenisTest.java:69)

